[0514/102606:WARNING:resource_bundle.cc(304)] locale_file_path.empty()
[0514/102606:ERROR:main_delegate.cc(564)] Could not load locale pak for en-US
[0514/102606:ERROR:main_delegate.cc(571)] Could not load cef.pak
[0514/102606:ERROR:main_delegate.cc(588)] Could not load cef_100_percent.pak
[0514/102606:ERROR:network_change_notifier_win.cc(157)] WSALookupServiceBegin failed with: 1816
[0514/102606:WARNING:resource_bundle.cc(497)] locale resources are not loaded
[0514/102607:WARNING:resource_bundle.cc(304)] locale_file_path.empty()
[0514/102607:ERROR:main_delegate.cc(564)] Could not load locale pak for en-US
[0514/102607:ERROR:main_delegate.cc(571)] Could not load cef.pak
[0514/102607:ERROR:main_delegate.cc(588)] Could not load cef_100_percent.pak
[0514/102607:ERROR:network_change_notifier_win.cc(157)] WSALookupServiceBegin failed with: 1816
[0514/102607:WARNING:resource_bundle.cc(497)] locale resources are not loaded
[0514/102607:WARNING:resource_bundle.cc(304)] locale_file_path.empty()
[0514/102607:ERROR:main_delegate.cc(564)] Could not load locale pak for en-US
[0514/102607:ERROR:main_delegate.cc(571)] Could not load cef.pak
[0514/102607:ERROR:main_delegate.cc(588)] Could not load cef_100_percent.pak
[0514/102607:WARNING:resource_bundle.cc(304)] locale_file_path.empty()
[0514/102607:ERROR:main_delegate.cc(564)] Could not load locale pak for en-US
[0514/102607:ERROR:main_delegate.cc(571)] Could not load cef.pak
[0514/102607:ERROR:main_delegate.cc(588)] Could not load cef_100_percent.pak
[0514/102607:ERROR:network_change_notifier_win.cc(157)] WSALookupServiceBegin failed with: 1816
[0514/102607:WARNING:resource_bundle.cc(497)] locale resources are not loaded
[0514/102607:WARNING:resource_bundle.cc(304)] locale_file_path.empty()
[0514/102607:ERROR:main_delegate.cc(564)] Could not load locale pak for en-US
[0514/102607:ERROR:main_delegate.cc(571)] Could not load cef.pak
[0514/102607:ERROR:main_delegate.cc(588)] Could not load cef_100_percent.pak
[0514/102607:WARNING:resource_bundle.cc(304)] locale_file_path.empty()
[0514/102607:ERROR:main_delegate.cc(564)] Could not load locale pak for en-US
[0514/102607:ERROR:main_delegate.cc(571)] Could not load cef.pak
[0514/102607:ERROR:main_delegate.cc(588)] Could not load cef_100_percent.pak
